nohup: ignoring input

  .   ____          _            __ _ _
 /\\ / ___'_ __ _ _(_)_ __  __ _ \ \ \ \
( ( )\___ | '_ | '_| | '_ \/ _` | \ \ \ \
 \\/  ___)| |_)| | | | | || (_| |  ) ) ) )
  '  |____| .__|_| |_|_| |_\__, | / / / /
 =========|_|==============|___/=/_/_/_/
 :: Spring Boot ::                (v3.2.2)

2025-02-16T11:15:40.983Z  INFO 32026 --- [           main] c.e.apigateway.ApiGatewayApplication     : Starting ApiGatewayApplication v1.0-SNAPSHOT using Java 17.0.14 with PID 32026 (/root/microservices-project/api-gateway/target/api-gateway-1.0-SNAPSHOT.jar started by root in /root/microservices-project/api-gateway)
2025-02-16T11:15:40.986Z  INFO 32026 --- [           main] c.e.apigateway.ApiGatewayApplication     : No active profile set, falling back to 1 default profile: "default"
2025-02-16T11:15:44.027Z  INFO 32026 --- [           main] o.s.cloud.context.scope.GenericScope     : BeanFactory id=8d5a4fe5-1a06-34c2-abea-7c3f8c80c7f2
2025-02-16T11:15:46.841Z  INFO 32026 --- [           main] o.s.c.g.r.RouteDefinitionRouteLocator    : Loaded RoutePredicateFactory [After]
2025-02-16T11:15:46.841Z  INFO 32026 --- [           main] o.s.c.g.r.RouteDefinitionRouteLocator    : Loaded RoutePredicateFactory [Before]
2025-02-16T11:15:46.841Z  INFO 32026 --- [           main] o.s.c.g.r.RouteDefinitionRouteLocator    : Loaded RoutePredicateFactory [Between]
2025-02-16T11:15:46.841Z  INFO 32026 --- [           main] o.s.c.g.r.RouteDefinitionRouteLocator    : Loaded RoutePredicateFactory [Cookie]
2025-02-16T11:15:46.841Z  INFO 32026 --- [           main] o.s.c.g.r.RouteDefinitionRouteLocator    : Loaded RoutePredicateFactory [Header]
2025-02-16T11:15:46.841Z  INFO 32026 --- [           main] o.s.c.g.r.RouteDefinitionRouteLocator    : Loaded RoutePredicateFactory [Host]
2025-02-16T11:15:46.841Z  INFO 32026 --- [           main] o.s.c.g.r.RouteDefinitionRouteLocator    : Loaded RoutePredicateFactory [Method]
2025-02-16T11:15:46.841Z  INFO 32026 --- [           main] o.s.c.g.r.RouteDefinitionRouteLocator    : Loaded RoutePredicateFactory [Path]
2025-02-16T11:15:46.841Z  INFO 32026 --- [           main] o.s.c.g.r.RouteDefinitionRouteLocator    : Loaded RoutePredicateFactory [Query]
2025-02-16T11:15:46.841Z  INFO 32026 --- [           main] o.s.c.g.r.RouteDefinitionRouteLocator    : Loaded RoutePredicateFactory [ReadBody]
2025-02-16T11:15:46.841Z  INFO 32026 --- [           main] o.s.c.g.r.RouteDefinitionRouteLocator    : Loaded RoutePredicateFactory [RemoteAddr]
2025-02-16T11:15:46.841Z  INFO 32026 --- [           main] o.s.c.g.r.RouteDefinitionRouteLocator    : Loaded RoutePredicateFactory [XForwardedRemoteAddr]
2025-02-16T11:15:46.841Z  INFO 32026 --- [           main] o.s.c.g.r.RouteDefinitionRouteLocator    : Loaded RoutePredicateFactory [Weight]
2025-02-16T11:15:46.841Z  INFO 32026 --- [           main] o.s.c.g.r.RouteDefinitionRouteLocator    : Loaded RoutePredicateFactory [CloudFoundryRouteService]
2025-02-16T11:15:47.378Z  INFO 32026 --- [           main] o.s.b.a.e.web.EndpointLinksResolver      : Exposing 16 endpoint(s) beneath base path '/actuator'
2025-02-16T11:15:50.178Z  WARN 32026 --- [           main] onfigReactiveWebServerApplicationContext : Exception encountered during context initialization - cancelling refresh attempt: org.springframework.context.ApplicationContextException: Failed to start bean 'webServerStartStop'
2025-02-16T11:15:50.228Z  INFO 32026 --- [           main] .s.b.a.l.ConditionEvaluationReportLogger : 

Error starting ApplicationContext. To display the condition evaluation report re-run your application with 'debug' enabled.
2025-02-16T11:15:50.260Z ERROR 32026 --- [           main] o.s.b.d.LoggingFailureAnalysisReporter   : 

***************************
APPLICATION FAILED TO START
***************************

Description:

Web server failed to start. Port 8080 was already in use.

Action:

Identify and stop the process that's listening on port 8080 or configure this application to listen on another port.

