nohup: ignoring input

  .   ____          _            __ _ _
 /\\ / ___'_ __ _ _(_)_ __  __ _ \ \ \ \
( ( )\___ | '_ | '_| | '_ \/ _` | \ \ \ \
 \\/  ___)| |_)| | | | | || (_| |  ) ) ) )
  '  |____| .__|_| |_|_| |_\__, | / / / /
 =========|_|==============|___/=/_/_/_/
 :: Spring Boot ::                (v3.0.6)

2025-02-16T10:52:06.780Z  INFO 12972 --- [           main] c.e.s.ServiceRegistryApplication         : Starting ServiceRegistryApplication using Java 17.0.14 with PID 12972 (/root/microservices-project/service-registry/target/service-registry-1.0-SNAPSHOT.jar started by root in /root/microservices-project/service-registry)
2025-02-16T10:52:06.782Z  INFO 12972 --- [           main] c.e.s.ServiceRegistryApplication         : No active profile set, falling back to 1 default profile: "default"
2025-02-16T10:52:09.295Z  INFO 12972 --- [           main] o.s.cloud.context.scope.GenericScope     : BeanFactory id=be904df1-2580-30f4-8be0-07bfd0d1f8b2
2025-02-16T10:52:09.855Z  INFO 12972 --- [           main] o.s.b.w.embedded.tomcat.TomcatWebServer  : Tomcat initialized with port(s): 8761 (http)
2025-02-16T10:52:09.877Z  INFO 12972 --- [           main] o.apache.catalina.core.StandardService   : Starting service [Tomcat]
2025-02-16T10:52:09.877Z  INFO 12972 --- [           main] o.apache.catalina.core.StandardEngine    : Starting Servlet engine: [Apache Tomcat/10.1.8]
2025-02-16T10:52:10.123Z  INFO 12972 --- [           main] o.a.c.c.C.[Tomcat].[localhost].[/]       : Initializing Spring embedded WebApplicationContext
2025-02-16T10:52:10.125Z  INFO 12972 --- [           main] w.s.c.ServletWebServerApplicationContext : Root WebApplicationContext: initialization completed in 3225 ms
2025-02-16T10:52:12.937Z  INFO 12972 --- [           main] c.n.d.provider.DiscoveryJerseyProvider   : Using JSON encoding codec LegacyJacksonJson
2025-02-16T10:52:12.943Z  INFO 12972 --- [           main] c.n.d.provider.DiscoveryJerseyProvider   : Using JSON decoding codec LegacyJacksonJson
2025-02-16T10:52:13.492Z  INFO 12972 --- [           main] c.n.d.provider.DiscoveryJerseyProvider   : Using XML encoding codec XStreamXml
2025-02-16T10:52:13.492Z  INFO 12972 --- [           main] c.n.d.provider.DiscoveryJerseyProvider   : Using XML decoding codec XStreamXml
2025-02-16T10:52:15.757Z  WARN 12972 --- [           main] iguration$LoadBalancerCaffeineWarnLogger : Spring Cloud LoadBalancer is currently working with the default cache. While this cache implementation is useful for development and tests, it's recommended to use Caffeine cache in production.You can switch to using Caffeine cache, by adding it and org.springframework.cache.caffeine.CaffeineCacheManager to the classpath.
2025-02-16T10:52:15.812Z  INFO 12972 --- [           main] o.s.c.n.eureka.InstanceInfoFactory       : Setting initial instance status as: STARTING
2025-02-16T10:52:15.873Z  INFO 12972 --- [           main] com.netflix.discovery.DiscoveryClient    : Initializing Eureka in region us-east-1
2025-02-16T10:52:15.873Z  INFO 12972 --- [           main] com.netflix.discovery.DiscoveryClient    : Client configured to neither register nor query for data.
2025-02-16T10:52:15.890Z  INFO 12972 --- [           main] com.netflix.discovery.DiscoveryClient    : Discovery Client initialized at timestamp 1739703135889 with initial instances count: 0
2025-02-16T10:52:15.995Z  INFO 12972 --- [           main] c.n.eureka.DefaultEurekaServerContext    : Initializing ...
2025-02-16T10:52:16.001Z  WARN 12972 --- [           main] c.n.eureka.cluster.PeerEurekaNodes       : The replica size seems to be empty. Check the route 53 DNS Registry
2025-02-16T10:52:16.120Z  INFO 12972 --- [           main] c.n.e.registry.AbstractInstanceRegistry  : Finished initializing remote region registries. All known remote regions: []
2025-02-16T10:52:16.121Z  INFO 12972 --- [           main] c.n.eureka.DefaultEurekaServerContext    : Initialized
2025-02-16T10:52:16.229Z  INFO 12972 --- [           main] o.s.b.a.e.web.EndpointLinksResolver      : Exposing 1 endpoint(s) beneath base path '/actuator'
2025-02-16T10:52:16.323Z  INFO 12972 --- [           main] o.s.c.n.e.s.EurekaServiceRegistry        : Registering application UNKNOWN with eureka with status UP
2025-02-16T10:52:16.357Z  INFO 12972 --- [       Thread-8] o.s.c.n.e.server.EurekaServerBootstrap   : isAws returned false
2025-02-16T10:52:16.357Z  INFO 12972 --- [       Thread-8] o.s.c.n.e.server.EurekaServerBootstrap   : Initialized server context
2025-02-16T10:52:16.357Z  INFO 12972 --- [       Thread-8] c.n.e.r.PeerAwareInstanceRegistryImpl    : Got 1 instances from neighboring DS node
2025-02-16T10:52:16.357Z  INFO 12972 --- [       Thread-8] c.n.e.r.PeerAwareInstanceRegistryImpl    : Renew threshold is: 1
2025-02-16T10:52:16.357Z  INFO 12972 --- [       Thread-8] c.n.e.r.PeerAwareInstanceRegistryImpl    : Changing status to UP
2025-02-16T10:52:16.382Z  INFO 12972 --- [       Thread-8] e.s.EurekaServerInitializerConfiguration : Started Eureka Server
2025-02-16T10:52:16.392Z  INFO 12972 --- [           main] o.s.b.w.embedded.tomcat.TomcatWebServer  : Tomcat started on port(s): 8761 (http) with context path ''
2025-02-16T10:52:16.394Z  INFO 12972 --- [           main] .s.c.n.e.s.EurekaAutoServiceRegistration : Updating port to 8761
2025-02-16T10:52:16.456Z  INFO 12972 --- [           main] c.e.s.ServiceRegistryApplication         : Started ServiceRegistryApplication in 10.771 seconds (process running for 11.905)
2025-02-16T10:52:16.732Z  INFO 12972 --- [nio-8761-exec-1] o.a.c.c.C.[Tomcat].[localhost].[/]       : Initializing Spring DispatcherServlet 'dispatcherServlet'
2025-02-16T10:52:16.733Z  INFO 12972 --- [nio-8761-exec-1] o.s.web.servlet.DispatcherServlet        : Initializing Servlet 'dispatcherServlet'
2025-02-16T10:52:16.740Z  INFO 12972 --- [nio-8761-exec-1] o.s.web.servlet.DispatcherServlet        : Completed initialization in 7 ms
2025-02-16T10:53:16.363Z  INFO 12972 --- [a-EvictionTimer] c.n.e.registry.AbstractInstanceRegistry  : Running the evict task with compensationTime 0ms
2025-02-16T10:54:16.363Z  INFO 12972 --- [a-EvictionTimer] c.n.e.registry.AbstractInstanceRegistry  : Running the evict task with compensationTime 0ms
2025-02-16T10:55:16.363Z  INFO 12972 --- [a-EvictionTimer] c.n.e.registry.AbstractInstanceRegistry  : Running the evict task with compensationTime 0ms
2025-02-16T10:56:16.364Z  INFO 12972 --- [a-EvictionTimer] c.n.e.registry.AbstractInstanceRegistry  : Running the evict task with compensationTime 0ms
2025-02-16T10:57:16.364Z  INFO 12972 --- [a-EvictionTimer] c.n.e.registry.AbstractInstanceRegistry  : Running the evict task with compensationTime 0ms
2025-02-16T10:58:16.365Z  INFO 12972 --- [a-EvictionTimer] c.n.e.registry.AbstractInstanceRegistry  : Running the evict task with compensationTime 0ms
2025-02-16T10:59:16.364Z  INFO 12972 --- [a-EvictionTimer] c.n.e.registry.AbstractInstanceRegistry  : Running the evict task with compensationTime 0ms
2025-02-16T11:00:16.364Z  INFO 12972 --- [a-EvictionTimer] c.n.e.registry.AbstractInstanceRegistry  : Running the evict task with compensationTime 0ms
2025-02-16T11:01:16.364Z  INFO 12972 --- [a-EvictionTimer] c.n.e.registry.AbstractInstanceRegistry  : Running the evict task with compensationTime 0ms
2025-02-16T11:02:16.002Z  WARN 12972 --- [eerNodesUpdater] c.n.eureka.cluster.PeerEurekaNodes       : The replica size seems to be empty. Check the route 53 DNS Registry
2025-02-16T11:02:16.364Z  INFO 12972 --- [a-EvictionTimer] c.n.e.registry.AbstractInstanceRegistry  : Running the evict task with compensationTime 0ms
2025-02-16T11:03:16.364Z  INFO 12972 --- [a-EvictionTimer] c.n.e.registry.AbstractInstanceRegistry  : Running the evict task with compensationTime 0ms
2025-02-16T11:04:16.364Z  INFO 12972 --- [a-EvictionTimer] c.n.e.registry.AbstractInstanceRegistry  : Running the evict task with compensationTime 0ms
2025-02-16T11:05:16.364Z  INFO 12972 --- [a-EvictionTimer] c.n.e.registry.AbstractInstanceRegistry  : Running the evict task with compensationTime 0ms
2025-02-16T11:06:16.364Z  INFO 12972 --- [a-EvictionTimer] c.n.e.registry.AbstractInstanceRegistry  : Running the evict task with compensationTime 0ms
2025-02-16T11:07:16.120Z  INFO 12972 --- [hresholdUpdater] c.n.e.r.PeerAwareInstanceRegistryImpl    : Current renewal threshold is : 1
2025-02-16T11:07:16.364Z  INFO 12972 --- [a-EvictionTimer] c.n.e.registry.AbstractInstanceRegistry  : Running the evict task with compensationTime 0ms
2025-02-16T11:08:16.364Z  INFO 12972 --- [a-EvictionTimer] c.n.e.registry.AbstractInstanceRegistry  : Running the evict task with compensationTime 0ms
2025-02-16T11:09:16.364Z  INFO 12972 --- [a-EvictionTimer] c.n.e.registry.AbstractInstanceRegistry  : Running the evict task with compensationTime 0ms
2025-02-16T11:10:16.364Z  INFO 12972 --- [a-EvictionTimer] c.n.e.registry.AbstractInstanceRegistry  : Running the evict task with compensationTime 0ms
2025-02-16T11:11:16.364Z  INFO 12972 --- [a-EvictionTimer] c.n.e.registry.AbstractInstanceRegistry  : Running the evict task with compensationTime 0ms
2025-02-16T11:12:16.003Z  WARN 12972 --- [eerNodesUpdater] c.n.eureka.cluster.PeerEurekaNodes       : The replica size seems to be empty. Check the route 53 DNS Registry
2025-02-16T11:12:16.365Z  INFO 12972 --- [a-EvictionTimer] c.n.e.registry.AbstractInstanceRegistry  : Running the evict task with compensationTime 0ms
2025-02-16T11:13:16.364Z  INFO 12972 --- [a-EvictionTimer] c.n.e.registry.AbstractInstanceRegistry  : Running the evict task with compensationTime 0ms
2025-02-16T11:14:16.364Z  INFO 12972 --- [a-EvictionTimer] c.n.e.registry.AbstractInstanceRegistry  : Running the evict task with compensationTime 0ms
2025-02-16T11:15:16.365Z  INFO 12972 --- [a-EvictionTimer] c.n.e.registry.AbstractInstanceRegistry  : Running the evict task with compensationTime 0ms
2025-02-16T11:16:16.365Z  INFO 12972 --- [a-EvictionTimer] c.n.e.registry.AbstractInstanceRegistry  : Running the evict task with compensationTime 0ms
2025-02-16T11:17:16.366Z  INFO 12972 --- [a-EvictionTimer] c.n.e.registry.AbstractInstanceRegistry  : Running the evict task with compensationTime 0ms
2025-02-16T11:18:16.366Z  INFO 12972 --- [a-EvictionTimer] c.n.e.registry.AbstractInstanceRegistry  : Running the evict task with compensationTime 0ms
2025-02-16T11:19:16.366Z  INFO 12972 --- [a-EvictionTimer] c.n.e.registry.AbstractInstanceRegistry  : Running the evict task with compensationTime 0ms
2025-02-16T11:20:16.367Z  INFO 12972 --- [a-EvictionTimer] c.n.e.registry.AbstractInstanceRegistry  : Running the evict task with compensationTime 0ms
2025-02-16T11:21:16.367Z  INFO 12972 --- [a-EvictionTimer] c.n.e.registry.AbstractInstanceRegistry  : Running the evict task with compensationTime 0ms
2025-02-16T11:22:16.004Z  WARN 12972 --- [eerNodesUpdater] c.n.eureka.cluster.PeerEurekaNodes       : The replica size seems to be empty. Check the route 53 DNS Registry
2025-02-16T11:22:16.121Z  INFO 12972 --- [hresholdUpdater] c.n.e.r.PeerAwareInstanceRegistryImpl    : Current renewal threshold is : 1
2025-02-16T11:22:16.367Z  INFO 12972 --- [a-EvictionTimer] c.n.e.registry.AbstractInstanceRegistry  : Running the evict task with compensationTime 0ms
2025-02-16T11:23:16.368Z  INFO 12972 --- [a-EvictionTimer] c.n.e.registry.AbstractInstanceRegistry  : Running the evict task with compensationTime 0ms
2025-02-16T11:24:16.368Z  INFO 12972 --- [a-EvictionTimer] c.n.e.registry.AbstractInstanceRegistry  : Running the evict task with compensationTime 0ms
2025-02-16T11:25:16.369Z  INFO 12972 --- [a-EvictionTimer] c.n.e.registry.AbstractInstanceRegistry  : Running the evict task with compensationTime 0ms
2025-02-16T11:26:16.369Z  INFO 12972 --- [a-EvictionTimer] c.n.e.registry.AbstractInstanceRegistry  : Running the evict task with compensationTime 0ms
2025-02-16T11:27:16.369Z  INFO 12972 --- [a-EvictionTimer] c.n.e.registry.AbstractInstanceRegistry  : Running the evict task with compensationTime 0ms
2025-02-16T11:28:16.369Z  INFO 12972 --- [a-EvictionTimer] c.n.e.registry.AbstractInstanceRegistry  : Running the evict task with compensationTime 0ms
2025-02-16T11:29:16.370Z  INFO 12972 --- [a-EvictionTimer] c.n.e.registry.AbstractInstanceRegistry  : Running the evict task with compensationTime 0ms
2025-02-16T11:30:16.369Z  INFO 12972 --- [a-EvictionTimer] c.n.e.registry.AbstractInstanceRegistry  : Running the evict task with compensationTime 0ms
2025-02-16T11:31:16.369Z  INFO 12972 --- [a-EvictionTimer] c.n.e.registry.AbstractInstanceRegistry  : Running the evict task with compensationTime 0ms
2025-02-16T11:32:16.005Z  WARN 12972 --- [eerNodesUpdater] c.n.eureka.cluster.PeerEurekaNodes       : The replica size seems to be empty. Check the route 53 DNS Registry
2025-02-16T11:32:16.369Z  INFO 12972 --- [a-EvictionTimer] c.n.e.registry.AbstractInstanceRegistry  : Running the evict task with compensationTime 0ms
2025-02-16T11:33:16.369Z  INFO 12972 --- [a-EvictionTimer] c.n.e.registry.AbstractInstanceRegistry  : Running the evict task with compensationTime 0ms
2025-02-16T11:34:16.370Z  INFO 12972 --- [a-EvictionTimer] c.n.e.registry.AbstractInstanceRegistry  : Running the evict task with compensationTime 0ms
2025-02-16T11:35:16.369Z  INFO 12972 --- [a-EvictionTimer] c.n.e.registry.AbstractInstanceRegistry  : Running the evict task with compensationTime 0ms
2025-02-16T11:36:16.369Z  INFO 12972 --- [a-EvictionTimer] c.n.e.registry.AbstractInstanceRegistry  : Running the evict task with compensationTime 0ms
2025-02-16T11:37:16.121Z  INFO 12972 --- [hresholdUpdater] c.n.e.r.PeerAwareInstanceRegistryImpl    : Current renewal threshold is : 1
2025-02-16T11:37:16.369Z  INFO 12972 --- [a-EvictionTimer] c.n.e.registry.AbstractInstanceRegistry  : Running the evict task with compensationTime 0ms
2025-02-16T11:38:16.369Z  INFO 12972 --- [a-EvictionTimer] c.n.e.registry.AbstractInstanceRegistry  : Running the evict task with compensationTime 0ms
2025-02-16T11:39:16.370Z  INFO 12972 --- [a-EvictionTimer] c.n.e.registry.AbstractInstanceRegistry  : Running the evict task with compensationTime 0ms
2025-02-16T11:40:16.370Z  INFO 12972 --- [a-EvictionTimer] c.n.e.registry.AbstractInstanceRegistry  : Running the evict task with compensationTime 0ms
2025-02-16T11:41:16.371Z  INFO 12972 --- [a-EvictionTimer] c.n.e.registry.AbstractInstanceRegistry  : Running the evict task with compensationTime 0ms
2025-02-16T11:42:16.006Z  WARN 12972 --- [eerNodesUpdater] c.n.eureka.cluster.PeerEurekaNodes       : The replica size seems to be empty. Check the route 53 DNS Registry
2025-02-16T11:42:16.370Z  INFO 12972 --- [a-EvictionTimer] c.n.e.registry.AbstractInstanceRegistry  : Running the evict task with compensationTime 0ms
2025-02-16T11:43:16.370Z  INFO 12972 --- [a-EvictionTimer] c.n.e.registry.AbstractInstanceRegistry  : Running the evict task with compensationTime 0ms
2025-02-16T11:44:16.371Z  INFO 12972 --- [a-EvictionTimer] c.n.e.registry.AbstractInstanceRegistry  : Running the evict task with compensationTime 0ms
2025-02-16T11:45:16.371Z  INFO 12972 --- [a-EvictionTimer] c.n.e.registry.AbstractInstanceRegistry  : Running the evict task with compensationTime 0ms
2025-02-16T11:46:16.372Z  INFO 12972 --- [a-EvictionTimer] c.n.e.registry.AbstractInstanceRegistry  : Running the evict task with compensationTime 0ms
2025-02-16T11:47:16.372Z  INFO 12972 --- [a-EvictionTimer] c.n.e.registry.AbstractInstanceRegistry  : Running the evict task with compensationTime 0ms
2025-02-16T11:48:16.373Z  INFO 12972 --- [a-EvictionTimer] c.n.e.registry.AbstractInstanceRegistry  : Running the evict task with compensationTime 0ms
2025-02-16T11:49:16.373Z  INFO 12972 --- [a-EvictionTimer] c.n.e.registry.AbstractInstanceRegistry  : Running the evict task with compensationTime 0ms
2025-02-16T11:50:16.374Z  INFO 12972 --- [a-EvictionTimer] c.n.e.registry.AbstractInstanceRegistry  : Running the evict task with compensationTime 0ms
2025-02-16T11:51:16.374Z  INFO 12972 --- [a-EvictionTimer] c.n.e.registry.AbstractInstanceRegistry  : Running the evict task with compensationTime 0ms
2025-02-16T11:52:16.006Z  WARN 12972 --- [eerNodesUpdater] c.n.eureka.cluster.PeerEurekaNodes       : The replica size seems to be empty. Check the route 53 DNS Registry
2025-02-16T11:52:16.122Z  INFO 12972 --- [hresholdUpdater] c.n.e.r.PeerAwareInstanceRegistryImpl    : Current renewal threshold is : 1
2025-02-16T11:52:16.375Z  INFO 12972 --- [a-EvictionTimer] c.n.e.registry.AbstractInstanceRegistry  : Running the evict task with compensationTime 0ms
2025-02-16T11:53:16.375Z  INFO 12972 --- [a-EvictionTimer] c.n.e.registry.AbstractInstanceRegistry  : Running the evict task with compensationTime 0ms
2025-02-16T11:54:16.375Z  INFO 12972 --- [a-EvictionTimer] c.n.e.registry.AbstractInstanceRegistry  : Running the evict task with compensationTime 0ms
2025-02-16T11:55:16.375Z  INFO 12972 --- [a-EvictionTimer] c.n.e.registry.AbstractInstanceRegistry  : Running the evict task with compensationTime 0ms
2025-02-16T11:56:16.375Z  INFO 12972 --- [a-EvictionTimer] c.n.e.registry.AbstractInstanceRegistry  : Running the evict task with compensationTime 0ms
2025-02-16T11:57:16.376Z  INFO 12972 --- [a-EvictionTimer] c.n.e.registry.AbstractInstanceRegistry  : Running the evict task with compensationTime 0ms
2025-02-16T11:58:16.376Z  INFO 12972 --- [a-EvictionTimer] c.n.e.registry.AbstractInstanceRegistry  : Running the evict task with compensationTime 0ms
2025-02-16T11:59:16.377Z  INFO 12972 --- [a-EvictionTimer] c.n.e.registry.AbstractInstanceRegistry  : Running the evict task with compensationTime 0ms
2025-02-16T12:00:16.376Z  INFO 12972 --- [a-EvictionTimer] c.n.e.registry.AbstractInstanceRegistry  : Running the evict task with compensationTime 0ms
2025-02-16T12:01:16.376Z  INFO 12972 --- [a-EvictionTimer] c.n.e.registry.AbstractInstanceRegistry  : Running the evict task with compensationTime 0ms
2025-02-16T12:02:16.007Z  WARN 12972 --- [eerNodesUpdater] c.n.eureka.cluster.PeerEurekaNodes       : The replica size seems to be empty. Check the route 53 DNS Registry
2025-02-16T12:02:16.377Z  INFO 12972 --- [a-EvictionTimer] c.n.e.registry.AbstractInstanceRegistry  : Running the evict task with compensationTime 0ms
2025-02-16T12:03:16.377Z  INFO 12972 --- [a-EvictionTimer] c.n.e.registry.AbstractInstanceRegistry  : Running the evict task with compensationTime 0ms
2025-02-16T12:04:16.377Z  INFO 12972 --- [a-EvictionTimer] c.n.e.registry.AbstractInstanceRegistry  : Running the evict task with compensationTime 0ms
2025-02-16T12:05:16.377Z  INFO 12972 --- [a-EvictionTimer] c.n.e.registry.AbstractInstanceRegistry  : Running the evict task with compensationTime 0ms
2025-02-16T12:06:16.378Z  INFO 12972 --- [a-EvictionTimer] c.n.e.registry.AbstractInstanceRegistry  : Running the evict task with compensationTime 1ms
2025-02-16T12:07:16.121Z  INFO 12972 --- [hresholdUpdater] c.n.e.r.PeerAwareInstanceRegistryImpl    : Current renewal threshold is : 1
2025-02-16T12:07:16.378Z  INFO 12972 --- [a-EvictionTimer] c.n.e.registry.AbstractInstanceRegistry  : Running the evict task with compensationTime 0ms
2025-02-16T12:08:16.378Z  INFO 12972 --- [a-EvictionTimer] c.n.e.registry.AbstractInstanceRegistry  : Running the evict task with compensationTime 0ms
2025-02-16T12:09:16.378Z  INFO 12972 --- [a-EvictionTimer] c.n.e.registry.AbstractInstanceRegistry  : Running the evict task with compensationTime 0ms
2025-02-16T12:10:16.378Z  INFO 12972 --- [a-EvictionTimer] c.n.e.registry.AbstractInstanceRegistry  : Running the evict task with compensationTime 0ms
2025-02-16T12:11:16.378Z  INFO 12972 --- [a-EvictionTimer] c.n.e.registry.AbstractInstanceRegistry  : Running the evict task with compensationTime 0ms
2025-02-16T12:12:16.007Z  WARN 12972 --- [eerNodesUpdater] c.n.eureka.cluster.PeerEurekaNodes       : The replica size seems to be empty. Check the route 53 DNS Registry
2025-02-16T12:12:16.378Z  INFO 12972 --- [a-EvictionTimer] c.n.e.registry.AbstractInstanceRegistry  : Running the evict task with compensationTime 0ms
2025-02-16T12:13:16.378Z  INFO 12972 --- [a-EvictionTimer] c.n.e.registry.AbstractInstanceRegistry  : Running the evict task with compensationTime 0ms
2025-02-16T12:14:16.378Z  INFO 12972 --- [a-EvictionTimer] c.n.e.registry.AbstractInstanceRegistry  : Running the evict task with compensationTime 0ms
2025-02-16T12:15:16.378Z  INFO 12972 --- [a-EvictionTimer] c.n.e.registry.AbstractInstanceRegistry  : Running the evict task with compensationTime 0ms
2025-02-16T12:16:16.379Z  INFO 12972 --- [a-EvictionTimer] c.n.e.registry.AbstractInstanceRegistry  : Running the evict task with compensationTime 0ms
2025-02-16T12:17:16.379Z  INFO 12972 --- [a-EvictionTimer] c.n.e.registry.AbstractInstanceRegistry  : Running the evict task with compensationTime 0ms
2025-02-16T12:18:16.379Z  INFO 12972 --- [a-EvictionTimer] c.n.e.registry.AbstractInstanceRegistry  : Running the evict task with compensationTime 0ms
2025-02-16T12:19:16.380Z  INFO 12972 --- [a-EvictionTimer] c.n.e.registry.AbstractInstanceRegistry  : Running the evict task with compensationTime 0ms
2025-02-16T12:20:16.380Z  INFO 12972 --- [a-EvictionTimer] c.n.e.registry.AbstractInstanceRegistry  : Running the evict task with compensationTime 0ms
2025-02-16T12:21:16.380Z  INFO 12972 --- [a-EvictionTimer] c.n.e.registry.AbstractInstanceRegistry  : Running the evict task with compensationTime 0ms
2025-02-16T12:22:16.007Z  WARN 12972 --- [eerNodesUpdater] c.n.eureka.cluster.PeerEurekaNodes       : The replica size seems to be empty. Check the route 53 DNS Registry
2025-02-16T12:22:16.121Z  INFO 12972 --- [hresholdUpdater] c.n.e.r.PeerAwareInstanceRegistryImpl    : Current renewal threshold is : 1
2025-02-16T12:22:16.380Z  INFO 12972 --- [a-EvictionTimer] c.n.e.registry.AbstractInstanceRegistry  : Running the evict task with compensationTime 0ms
2025-02-16T12:23:16.380Z  INFO 12972 --- [a-EvictionTimer] c.n.e.registry.AbstractInstanceRegistry  : Running the evict task with compensationTime 0ms
2025-02-16T12:24:16.381Z  INFO 12972 --- [a-EvictionTimer] c.n.e.registry.AbstractInstanceRegistry  : Running the evict task with compensationTime 0ms
2025-02-16T12:25:16.380Z  INFO 12972 --- [a-EvictionTimer] c.n.e.registry.AbstractInstanceRegistry  : Running the evict task with compensationTime 0ms
2025-02-16T12:26:16.380Z  INFO 12972 --- [a-EvictionTimer] c.n.e.registry.AbstractInstanceRegistry  : Running the evict task with compensationTime 0ms
2025-02-16T12:27:16.381Z  INFO 12972 --- [a-EvictionTimer] c.n.e.registry.AbstractInstanceRegistry  : Running the evict task with compensationTime 0ms
2025-02-16T12:28:16.380Z  INFO 12972 --- [a-EvictionTimer] c.n.e.registry.AbstractInstanceRegistry  : Running the evict task with compensationTime 0ms
2025-02-16T12:29:16.380Z  INFO 12972 --- [a-EvictionTimer] c.n.e.registry.AbstractInstanceRegistry  : Running the evict task with compensationTime 0ms
2025-02-16T12:30:16.380Z  INFO 12972 --- [a-EvictionTimer] c.n.e.registry.AbstractInstanceRegistry  : Running the evict task with compensationTime 0ms
2025-02-16T12:31:16.380Z  INFO 12972 --- [a-EvictionTimer] c.n.e.registry.AbstractInstanceRegistry  : Running the evict task with compensationTime 0ms
2025-02-16T12:32:16.008Z  WARN 12972 --- [eerNodesUpdater] c.n.eureka.cluster.PeerEurekaNodes       : The replica size seems to be empty. Check the route 53 DNS Registry
2025-02-16T12:32:16.380Z  INFO 12972 --- [a-EvictionTimer] c.n.e.registry.AbstractInstanceRegistry  : Running the evict task with compensationTime 0ms
2025-02-16T12:33:16.381Z  INFO 12972 --- [a-EvictionTimer] c.n.e.registry.AbstractInstanceRegistry  : Running the evict task with compensationTime 0ms
2025-02-16T12:34:16.380Z  INFO 12972 --- [a-EvictionTimer] c.n.e.registry.AbstractInstanceRegistry  : Running the evict task with compensationTime 0ms
2025-02-16T12:35:16.381Z  INFO 12972 --- [a-EvictionTimer] c.n.e.registry.AbstractInstanceRegistry  : Running the evict task with compensationTime 0ms
2025-02-16T12:36:16.381Z  INFO 12972 --- [a-EvictionTimer] c.n.e.registry.AbstractInstanceRegistry  : Running the evict task with compensationTime 0ms
2025-02-16T12:37:16.121Z  INFO 12972 --- [hresholdUpdater] c.n.e.r.PeerAwareInstanceRegistryImpl    : Current renewal threshold is : 1
2025-02-16T12:37:16.381Z  INFO 12972 --- [a-EvictionTimer] c.n.e.registry.AbstractInstanceRegistry  : Running the evict task with compensationTime 0ms
2025-02-16T12:38:16.382Z  INFO 12972 --- [a-EvictionTimer] c.n.e.registry.AbstractInstanceRegistry  : Running the evict task with compensationTime 0ms
2025-02-16T12:39:16.382Z  INFO 12972 --- [a-EvictionTimer] c.n.e.registry.AbstractInstanceRegistry  : Running the evict task with compensationTime 0ms
2025-02-16T12:40:16.383Z  INFO 12972 --- [a-EvictionTimer] c.n.e.registry.AbstractInstanceRegistry  : Running the evict task with compensationTime 0ms
2025-02-16T12:41:16.383Z  INFO 12972 --- [a-EvictionTimer] c.n.e.registry.AbstractInstanceRegistry  : Running the evict task with compensationTime 0ms
2025-02-16T12:42:16.009Z  WARN 12972 --- [eerNodesUpdater] c.n.eureka.cluster.PeerEurekaNodes       : The replica size seems to be empty. Check the route 53 DNS Registry
2025-02-16T12:42:16.383Z  INFO 12972 --- [a-EvictionTimer] c.n.e.registry.AbstractInstanceRegistry  : Running the evict task with compensationTime 0ms
2025-02-16T12:43:16.383Z  INFO 12972 --- [a-EvictionTimer] c.n.e.registry.AbstractInstanceRegistry  : Running the evict task with compensationTime 0ms
2025-02-16T12:44:16.383Z  INFO 12972 --- [a-EvictionTimer] c.n.e.registry.AbstractInstanceRegistry  : Running the evict task with compensationTime 0ms
2025-02-16T12:44:57.891Z  INFO 12972 --- [nio-8761-exec-8] c.n.e.registry.AbstractInstanceRegistry  : Registered instance UNKNOWN/ip-172-31-7-71.ap-south-1.compute.internal with status UP (replication=false)
2025-02-16T12:44:57.959Z  INFO 12972 --- [nio-8761-exec-4] c.n.e.registry.AbstractInstanceRegistry  : Cancelled instance UNKNOWN/ip-172-31-7-71.ap-south-1.compute.internal (replication=false)
2025-02-16T12:45:16.383Z  INFO 12972 --- [a-EvictionTimer] c.n.e.registry.AbstractInstanceRegistry  : Running the evict task with compensationTime 0ms
2025-02-16T12:46:16.383Z  INFO 12972 --- [a-EvictionTimer] c.n.e.registry.AbstractInstanceRegistry  : Running the evict task with compensationTime 0ms
2025-02-16T12:46:48.401Z  INFO 12972 --- [nio-8761-exec-1] c.n.e.registry.AbstractInstanceRegistry  : Registered instance UNKNOWN/ip-172-31-7-71.ap-south-1.compute.internal with status UP (replication=false)
2025-02-16T12:47:16.384Z  INFO 12972 --- [a-EvictionTimer] c.n.e.registry.AbstractInstanceRegistry  : Running the evict task with compensationTime 0ms
2025-02-16T12:47:23.281Z  INFO 12972 --- [nio-8761-exec-5] c.n.e.registry.AbstractInstanceRegistry  : Registered instance UNKNOWN/ip-172-31-7-71.ap-south-1.compute.internal with status DOWN (replication=false)
2025-02-16T12:47:26.344Z  INFO 12972 --- [nio-8761-exec-7] c.n.e.registry.AbstractInstanceRegistry  : Cancelled instance UNKNOWN/ip-172-31-7-71.ap-south-1.compute.internal (replication=false)
2025-02-16T12:48:16.383Z  INFO 12972 --- [a-EvictionTimer] c.n.e.registry.AbstractInstanceRegistry  : Running the evict task with compensationTime 0ms
2025-02-16T12:49:16.383Z  INFO 12972 --- [a-EvictionTimer] c.n.e.registry.AbstractInstanceRegistry  : Running the evict task with compensationTime 0ms
2025-02-16T12:50:16.383Z  INFO 12972 --- [a-EvictionTimer] c.n.e.registry.AbstractInstanceRegistry  : Running the evict task with compensationTime 0ms
2025-02-16T12:51:16.383Z  INFO 12972 --- [a-EvictionTimer] c.n.e.registry.AbstractInstanceRegistry  : Running the evict task with compensationTime 0ms
2025-02-16T12:52:11.752Z  INFO 12972 --- [nio-8761-exec-3] c.n.e.registry.AbstractInstanceRegistry  : Registered instance UNKNOWN/ip-172-31-7-71.ap-south-1.compute.internal:8081 with status UP (replication=false)
2025-02-16T12:52:16.009Z  WARN 12972 --- [eerNodesUpdater] c.n.eureka.cluster.PeerEurekaNodes       : The replica size seems to be empty. Check the route 53 DNS Registry
2025-02-16T12:52:16.122Z  INFO 12972 --- [hresholdUpdater] c.n.e.r.PeerAwareInstanceRegistryImpl    : Current renewal threshold is : 3
2025-02-16T12:52:16.383Z  INFO 12972 --- [a-EvictionTimer] c.n.e.registry.AbstractInstanceRegistry  : Running the evict task with compensationTime 0ms
2025-02-16T12:52:57.121Z  INFO 12972 --- [nio-8761-exec-9] c.n.e.registry.AbstractInstanceRegistry  : Registered instance UNKNOWN/ip-172-31-7-71.ap-south-1.compute.internal:8081 with status DOWN (replication=false)
2025-02-16T12:53:00.180Z  INFO 12972 --- [nio-8761-exec-3] c.n.e.registry.AbstractInstanceRegistry  : Cancelled instance UNKNOWN/ip-172-31-7-71.ap-south-1.compute.internal:8081 (replication=false)
2025-02-16T12:53:16.383Z  INFO 12972 --- [a-EvictionTimer] c.n.e.registry.AbstractInstanceRegistry  : Running the evict task with compensationTime 0ms
2025-02-16T12:54:16.384Z  INFO 12972 --- [a-EvictionTimer] c.n.e.registry.AbstractInstanceRegistry  : Running the evict task with compensationTime 0ms
2025-02-16T12:55:16.383Z  INFO 12972 --- [a-EvictionTimer] c.n.e.registry.AbstractInstanceRegistry  : Running the evict task with compensationTime 0ms
2025-02-16T12:56:16.383Z  INFO 12972 --- [a-EvictionTimer] c.n.e.registry.AbstractInstanceRegistry  : Running the evict task with compensationTime 0ms
2025-02-16T12:57:16.383Z  INFO 12972 --- [a-EvictionTimer] c.n.e.registry.AbstractInstanceRegistry  : Running the evict task with compensationTime 0ms
2025-02-16T12:58:16.383Z  INFO 12972 --- [a-EvictionTimer] c.n.e.registry.AbstractInstanceRegistry  : Running the evict task with compensationTime 0ms
2025-02-16T12:59:16.383Z  INFO 12972 --- [a-EvictionTimer] c.n.e.registry.AbstractInstanceRegistry  : Running the evict task with compensationTime 0ms
2025-02-16T13:00:16.383Z  INFO 12972 --- [a-EvictionTimer] c.n.e.registry.AbstractInstanceRegistry  : Running the evict task with compensationTime 0ms
2025-02-16T13:01:16.383Z  INFO 12972 --- [a-EvictionTimer] c.n.e.registry.AbstractInstanceRegistry  : Running the evict task with compensationTime 0ms
2025-02-16T13:02:16.010Z  WARN 12972 --- [eerNodesUpdater] c.n.eureka.cluster.PeerEurekaNodes       : The replica size seems to be empty. Check the route 53 DNS Registry
2025-02-16T13:02:16.383Z  INFO 12972 --- [a-EvictionTimer] c.n.e.registry.AbstractInstanceRegistry  : Running the evict task with compensationTime 0ms
2025-02-16T13:03:16.383Z  INFO 12972 --- [a-EvictionTimer] c.n.e.registry.AbstractInstanceRegistry  : Running the evict task with compensationTime 0ms
2025-02-16T13:04:16.383Z  INFO 12972 --- [a-EvictionTimer] c.n.e.registry.AbstractInstanceRegistry  : Running the evict task with compensationTime 0ms
2025-02-16T13:05:16.383Z  INFO 12972 --- [a-EvictionTimer] c.n.e.registry.AbstractInstanceRegistry  : Running the evict task with compensationTime 0ms
2025-02-16T13:06:16.384Z  INFO 12972 --- [a-EvictionTimer] c.n.e.registry.AbstractInstanceRegistry  : Running the evict task with compensationTime 0ms
2025-02-16T13:07:16.122Z  INFO 12972 --- [hresholdUpdater] c.n.e.r.PeerAwareInstanceRegistryImpl    : Current renewal threshold is : 1
2025-02-16T13:07:16.384Z  INFO 12972 --- [a-EvictionTimer] c.n.e.registry.AbstractInstanceRegistry  : Running the evict task with compensationTime 0ms
2025-02-16T13:08:16.384Z  INFO 12972 --- [a-EvictionTimer] c.n.e.registry.AbstractInstanceRegistry  : Running the evict task with compensationTime 0ms
2025-02-16T13:09:16.385Z  INFO 12972 --- [a-EvictionTimer] c.n.e.registry.AbstractInstanceRegistry  : Running the evict task with compensationTime 0ms
2025-02-16T13:10:16.384Z  INFO 12972 --- [a-EvictionTimer] c.n.e.registry.AbstractInstanceRegistry  : Running the evict task with compensationTime 0ms
2025-02-16T13:11:16.384Z  INFO 12972 --- [a-EvictionTimer] c.n.e.registry.AbstractInstanceRegistry  : Running the evict task with compensationTime 0ms
2025-02-16T13:12:16.010Z  WARN 12972 --- [eerNodesUpdater] c.n.eureka.cluster.PeerEurekaNodes       : The replica size seems to be empty. Check the route 53 DNS Registry
2025-02-16T13:12:16.384Z  INFO 12972 --- [a-EvictionTimer] c.n.e.registry.AbstractInstanceRegistry  : Running the evict task with compensationTime 0ms
2025-02-16T13:13:16.384Z  INFO 12972 --- [a-EvictionTimer] c.n.e.registry.AbstractInstanceRegistry  : Running the evict task with compensationTime 0ms
2025-02-16T13:14:16.384Z  INFO 12972 --- [a-EvictionTimer] c.n.e.registry.AbstractInstanceRegistry  : Running the evict task with compensationTime 0ms
2025-02-16T13:15:16.384Z  INFO 12972 --- [a-EvictionTimer] c.n.e.registry.AbstractInstanceRegistry  : Running the evict task with compensationTime 0ms
2025-02-16T13:16:16.384Z  INFO 12972 --- [a-EvictionTimer] c.n.e.registry.AbstractInstanceRegistry  : Running the evict task with compensationTime 0ms
2025-02-16T13:17:16.385Z  INFO 12972 --- [a-EvictionTimer] c.n.e.registry.AbstractInstanceRegistry  : Running the evict task with compensationTime 0ms
2025-02-16T13:18:16.384Z  INFO 12972 --- [a-EvictionTimer] c.n.e.registry.AbstractInstanceRegistry  : Running the evict task with compensationTime 0ms
2025-02-16T13:19:16.384Z  INFO 12972 --- [a-EvictionTimer] c.n.e.registry.AbstractInstanceRegistry  : Running the evict task with compensationTime 0ms
2025-02-16T13:20:16.384Z  INFO 12972 --- [a-EvictionTimer] c.n.e.registry.AbstractInstanceRegistry  : Running the evict task with compensationTime 0ms
2025-02-16T13:21:16.384Z  INFO 12972 --- [a-EvictionTimer] c.n.e.registry.AbstractInstanceRegistry  : Running the evict task with compensationTime 0ms
2025-02-16T13:22:16.011Z  WARN 12972 --- [eerNodesUpdater] c.n.eureka.cluster.PeerEurekaNodes       : The replica size seems to be empty. Check the route 53 DNS Registry
2025-02-16T13:22:16.123Z  INFO 12972 --- [hresholdUpdater] c.n.e.r.PeerAwareInstanceRegistryImpl    : Current renewal threshold is : 1
2025-02-16T13:22:16.384Z  INFO 12972 --- [a-EvictionTimer] c.n.e.registry.AbstractInstanceRegistry  : Running the evict task with compensationTime 0ms
2025-02-16T13:23:16.384Z  INFO 12972 --- [a-EvictionTimer] c.n.e.registry.AbstractInstanceRegistry  : Running the evict task with compensationTime 0ms
2025-02-16T13:24:16.384Z  INFO 12972 --- [a-EvictionTimer] c.n.e.registry.AbstractInstanceRegistry  : Running the evict task with compensationTime 0ms
2025-02-16T13:25:16.384Z  INFO 12972 --- [a-EvictionTimer] c.n.e.registry.AbstractInstanceRegistry  : Running the evict task with compensationTime 0ms
2025-02-16T13:26:16.385Z  INFO 12972 --- [a-EvictionTimer] c.n.e.registry.AbstractInstanceRegistry  : Running the evict task with compensationTime 0ms
2025-02-16T13:27:16.385Z  INFO 12972 --- [a-EvictionTimer] c.n.e.registry.AbstractInstanceRegistry  : Running the evict task with compensationTime 0ms
2025-02-16T13:28:16.386Z  INFO 12972 --- [a-EvictionTimer] c.n.e.registry.AbstractInstanceRegistry  : Running the evict task with compensationTime 0ms
2025-02-16T13:29:16.385Z  INFO 12972 --- [a-EvictionTimer] c.n.e.registry.AbstractInstanceRegistry  : Running the evict task with compensationTime 0ms
2025-02-16T13:30:16.386Z  INFO 12972 --- [a-EvictionTimer] c.n.e.registry.AbstractInstanceRegistry  : Running the evict task with compensationTime 0ms
2025-02-16T13:31:16.386Z  INFO 12972 --- [a-EvictionTimer] c.n.e.registry.AbstractInstanceRegistry  : Running the evict task with compensationTime 0ms
2025-02-16T13:32:16.011Z  WARN 12972 --- [eerNodesUpdater] c.n.eureka.cluster.PeerEurekaNodes       : The replica size seems to be empty. Check the route 53 DNS Registry
2025-02-16T13:32:16.386Z  INFO 12972 --- [a-EvictionTimer] c.n.e.registry.AbstractInstanceRegistry  : Running the evict task with compensationTime 0ms
2025-02-16T13:33:16.386Z  INFO 12972 --- [a-EvictionTimer] c.n.e.registry.AbstractInstanceRegistry  : Running the evict task with compensationTime 0ms
2025-02-16T13:34:16.386Z  INFO 12972 --- [a-EvictionTimer] c.n.e.registry.AbstractInstanceRegistry  : Running the evict task with compensationTime 0ms
2025-02-16T13:35:16.386Z  INFO 12972 --- [a-EvictionTimer] c.n.e.registry.AbstractInstanceRegistry  : Running the evict task with compensationTime 0ms
